<?xml version="1.0" encoding="UTF-8"?>
<!-- Generated by org.testng.reporters.JUnitReportReporter -->
<testsuite skipped="1" hostname="DESKTOP-M05BBAF" name="com.crm.PractiseWithGroupsExecution.CreateContactTest" tests="2" failures="0" timestamp="02 Mar 2022 14:30:36 GMT" time="41.809" errors="1">
  <testcase name="launchBrowser" time="41.809" classname="com.crm.PractiseWithGroupsExecution.CreateContactTest">
    <error type="org.openqa.selenium.SessionNotCreatedException" message="session not created: This version of ChromeDriver only supports Chrome version 99
Current browser version is 98.0.4758.102 with binary path C:\Program Files\Google\Chrome\Application\chrome.exe
Build info: version: &#039;3.141.59&#039;, revision: &#039;e82be7d358&#039;, time: &#039;2018-11-14T08:17:03&#039;
System info: host: &#039;DESKTOP-M05BBAF&#039;, ip: &#039;192.168.43.20&#039;, os.name: &#039;Windows 10&#039;, os.arch: &#039;amd64&#039;, os.version: &#039;10.0&#039;, java.version: &#039;1.8.0_202&#039;
Driver info: driver.version: ChromeDriver
remote stacktrace: Backtrace:
	Ordinal0 [0x00BD9943+2595139]
	Ordinal0 [0x00B6C9F1+2148849]
	Ordinal0 [0x00A64528+1066280]
	Ordinal0 [0x00A842C3+1196739]
	Ordinal0 [0x00A7FE37+1179191]
	Ordinal0 [0x00A7D6F1+1169137]
	Ordinal0 [0x00AB0530+1377584]
	Ordinal0 [0x00AB018A+1376650]
	Ordinal0 [0x00AAB806+1357830]
	Ordinal0 [0x00A86086+1204358]
	Ordinal0 [0x00A86F96+1208214]
	GetHandleVerifier [0x00D7B232+1658114]
	GetHandleVerifier [0x00E3312C+2411516]
	GetHandleVerifier [0x00C6F261+560433]
	GetHandleVerifier [0x00C6E366+556598]
	Ordinal0 [0x00B7286B+2173035]
	Ordinal0 [0x00B775F8+2192888]
	Ordinal0 [0x00B776E5+2193125]
	Ordinal0 [0x00B811FC+2232828]
	BaseThreadInitThunk [0x75E0FA29+25]
	RtlGetAppContainerNamedObjectPath [0x77117A7E+286]
	RtlGetAppContainerNamedObjectPath [0x77117A4E+238]
">
      <![CDATA[org.openqa.selenium.SessionNotCreatedException: session not created: This version of ChromeDriver only supports Chrome version 99
Current browser version is 98.0.4758.102 with binary path C:\Program Files\Google\Chrome\Application\chrome.exe
Build info: version: '3.141.59', revision: 'e82be7d358', time: '2018-11-14T08:17:03'
System info: host: 'DESKTOP-M05BBAF', ip: '192.168.43.20', os.name: 'Windows 10', os.arch: 'amd64', os.version: '10.0', java.version: '1.8.0_202'
Driver info: driver.version: ChromeDriver
remote stacktrace: Backtrace:
Ordinal0 [0x00BD9943+2595139]
Ordinal0 [0x00B6C9F1+2148849]
Ordinal0 [0x00A64528+1066280]
Ordinal0 [0x00A842C3+1196739]
Ordinal0 [0x00A7FE37+1179191]
Ordinal0 [0x00A7D6F1+1169137]
Ordinal0 [0x00AB0530+1377584]
Ordinal0 [0x00AB018A+1376650]
Ordinal0 [0x00AAB806+1357830]
Ordinal0 [0x00A86086+1204358]
Ordinal0 [0x00A86F96+1208214]
GetHandleVerifier [0x00D7B232+1658114]
GetHandleVerifier [0x00E3312C+2411516]
GetHandleVerifier [0x00C6F261+560433]
GetHandleVerifier [0x00C6E366+556598]
Ordinal0 [0x00B7286B+2173035]
Ordinal0 [0x00B775F8+2192888]
Ordinal0 [0x00B776E5+2193125]
Ordinal0 [0x00B811FC+2232828]
BaseThreadInitThunk [0x75E0FA29+25]
RtlGetAppContainerNamedObjectPath [0x77117A7E+286]
RtlGetAppContainerNamedObjectPath [0x77117A4E+238]

at sun.reflect.NativeConstructorAccessorImpl.newInstance0(Native Method)
at sun.reflect.NativeConstructorAccessorImpl.newInstance(Unknown Source)
at sun.reflect.DelegatingConstructorAccessorImpl.newInstance(Unknown Source)
at java.lang.reflect.Constructor.newInstance(Unknown Source)
at org.openqa.selenium.remote.W3CHandshakeResponse.lambda$errorHandler$0(W3CHandshakeResponse.java:62)
at org.openqa.selenium.remote.HandshakeResponse.lambda$getResponseFunction$0(HandshakeResponse.java:30)
at org.openqa.selenium.remote.ProtocolHandshake.lambda$createSession$0(ProtocolHandshake.java:126)
at java.util.stream.ReferencePipeline$3$1.accept(Unknown Source)
at java.util.Spliterators$ArraySpliterator.tryAdvance(Unknown Source)
at java.util.stream.ReferencePipeline.forEachWithCancel(Unknown Source)
at java.util.stream.AbstractPipeline.copyIntoWithCancel(Unknown Source)
at java.util.stream.AbstractPipeline.copyInto(Unknown Source)
at java.util.stream.AbstractPipeline.wrapAndCopyInto(Unknown Source)
at java.util.stream.FindOps$FindOp.evaluateSequential(Unknown Source)
at java.util.stream.AbstractPipeline.evaluate(Unknown Source)
at java.util.stream.ReferencePipeline.findFirst(Unknown Source)
at org.openqa.selenium.remote.ProtocolHandshake.createSession(ProtocolHandshake.java:128)
at org.openqa.selenium.remote.ProtocolHandshake.createSession(ProtocolHandshake.java:74)
at org.openqa.selenium.remote.HttpCommandExecutor.execute(HttpCommandExecutor.java:136)
at org.openqa.selenium.remote.service.DriverCommandExecutor.execute(DriverCommandExecutor.java:83)
at org.openqa.selenium.remote.RemoteWebDriver.execute(RemoteWebDriver.java:552)
at org.openqa.selenium.remote.RemoteWebDriver.startSession(RemoteWebDriver.java:213)
at org.openqa.selenium.remote.RemoteWebDriver.<init>(RemoteWebDriver.java:131)
at org.openqa.selenium.chrome.ChromeDriver.<init>(ChromeDriver.java:181)
at org.openqa.selenium.chrome.ChromeDriver.<init>(ChromeDriver.java:168)
at org.openqa.selenium.chrome.ChromeDriver.<init>(ChromeDriver.java:123)
at com.crm.GenericLibrary.BaseClass.launchBrowser(BaseClass.java:42)
at sun.reflect.NativeMethodAccessorImpl.invoke0(Native Method)
at sun.reflect.NativeMethodAccessorImpl.invoke(Unknown Source)
at sun.reflect.DelegatingMethodAccessorImpl.invoke(Unknown Source)
at java.lang.reflect.Method.invoke(Unknown Source)
at org.testng.internal.MethodInvocationHelper.invokeMethod(MethodInvocationHelper.java:124)
at org.testng.internal.MethodInvocationHelper.invokeMethodConsideringTimeout(MethodInvocationHelper.java:59)
at org.testng.internal.Invoker.invokeConfigurationMethod(Invoker.java:458)
at org.testng.internal.Invoker.invokeConfigurations(Invoker.java:222)
at org.testng.internal.Invoker.invokeConfigurations(Invoker.java:142)
at org.testng.internal.TestMethodWorker.invokeBeforeClassMethods(TestMethodWorker.java:168)
at org.testng.internal.TestMethodWorker.run(TestMethodWorker.java:105)
at org.testng.TestRunner.privateRun(TestRunner.java:648)
at org.testng.TestRunner.run(TestRunner.java:505)
at org.testng.SuiteRunner.runTest(SuiteRunner.java:455)
at org.testng.SuiteRunner.runSequentially(SuiteRunner.java:450)
at org.testng.SuiteRunner.privateRun(SuiteRunner.java:415)
at org.testng.SuiteRunner.run(SuiteRunner.java:364)
at org.testng.SuiteRunnerWorker.runSuite(SuiteRunnerWorker.java:52)
at org.testng.SuiteRunnerWorker.run(SuiteRunnerWorker.java:84)
at org.testng.TestNG.runSuitesSequentially(TestNG.java:1208)
at org.testng.TestNG.runSuitesLocally(TestNG.java:1137)
at org.testng.TestNG.runSuites(TestNG.java:1049)
at org.testng.TestNG.run(TestNG.java:1017)
at org.testng.remote.AbstractRemoteTestNG.run(AbstractRemoteTestNG.java:114)
at org.testng.remote.RemoteTestNG.initAndRun(RemoteTestNG.java:251)
at org.testng.remote.RemoteTestNG.main(RemoteTestNG.java:77)
]]>
    </error>
  </testcase> <!-- launchBrowser -->
  <testcase name="createContactTest" time="0.000" classname="com.crm.PractiseWithGroupsExecution.CreateContactTest">
    <skipped/>
  </testcase> <!-- createContactTest -->
</testsuite> <!-- com.crm.PractiseWithGroupsExecution.CreateContactTest -->
